To github.com:nalwade49/monitoring-lab.git
   df80407..fb93c29  main -> main
To github.com:nalwade49/monitoring-lab.git
   fb93c29..696650f  main -> main
To github.com:nalwade49/monitoring-lab.git
   696650f..68202a2  main -> main
ssh: Could not resolve hostname github.com: Temporary failure in name resolution
fatal: Could not read from remote repository.

Please make sure you have the correct access rights
and the repository exists.
ssh: Could not resolve hostname github.com: Temporary failure in name resolution
fatal: Could not read from remote repository.

Please make sure you have the correct access rights
and the repository exists.
To github.com:nalwade49/monitoring-lab.git
   68202a2..bb8ccab  main -> main
ssh: Could not resolve hostname github.com: Temporary failure in name resolution
fatal: Could not read from remote repository.

Please make sure you have the correct access rights
and the repository exists.
